<?xml version="1.0" encoding="UTF-8"?>
<!-- Generated by org.testng.reporters.JUnitXMLReporter -->
<testsuite hostname="DESKTOP-NVSP8IV" ignored="0" name="Default test" tests="1" failures="0" timestamp="2019-10-16T19:26:41 IDT" time="0.054" errors="0">
  <testcase name="@BeforeTest beforeClass" time="-1.571243201402E9" classname="Utilities.CommonOps">
    <failure type="org.testng.TestNGException" message="
Parameter &amp;apos;platform&amp;apos; is required by BeforeTest on method beforeClass but has not been marked @Optional or defined
in C:\Users\adir Haim\AppData\Local\Temp\testng-eclipse-472994180\testng-customsuite.xml">
      <![CDATA[org.testng.TestNGException: 
Parameter 'platform' is required by BeforeTest on method beforeClass but has not been marked @Optional or defined
in C:\Users\adir Haim\AppData\Local\Temp\testng-eclipse-472994180\testng-customsuite.xml
at org.testng.internal.Parameters.createParams(Parameters.java:289)
at org.testng.internal.Parameters.createParametersForMethod(Parameters.java:377)
at org.testng.internal.Parameters.createParameters(Parameters.java:721)
at org.testng.internal.Parameters.createConfigurationParameters(Parameters.java:164)
at org.testng.internal.ConfigInvoker.invokeConfigurations(ConfigInvoker.java:275)
at org.testng.TestRunner.invokeTestConfigurations(TestRunner.java:623)
at org.testng.TestRunner.beforeRun(TestRunner.java:613)
at org.testng.TestRunner.run(TestRunner.java:584)
at org.testng.SuiteRunner.runTest(SuiteRunner.java:402)
at org.testng.SuiteRunner.runSequentially(SuiteRunner.java:396)
at org.testng.SuiteRunner.privateRun(SuiteRunner.java:355)
at org.testng.SuiteRunner.run(SuiteRunner.java:304)
at org.testng.SuiteRunnerWorker.runSuite(SuiteRunnerWorker.java:53)
at org.testng.SuiteRunnerWorker.run(SuiteRunnerWorker.java:96)
at org.testng.TestNG.runSuitesSequentially(TestNG.java:1180)
at org.testng.TestNG.runSuitesLocally(TestNG.java:1102)
at org.testng.TestNG.runSuites(TestNG.java:1032)
at org.testng.TestNG.run(TestNG.java:1000)
at org.testng.remote.AbstractRemoteTestNG.run(AbstractRemoteTestNG.java:115)
at org.testng.remote.RemoteTestNG.initAndRun(RemoteTestNG.java:251)
at org.testng.remote.RemoteTestNG.main(RemoteTestNG.java:77)
]]>
    </failure>
  </testcase> <!-- @BeforeTest beforeClass -->
  <testcase name="@BeforeMethod dobeforetest" time="-1.571243201438E9" classname="Utilities.CommonOps">
    <skipped/>
  </testcase> <!-- @BeforeMethod dobeforetest -->
  <testcase name="@AfterMethod doaftertest" time="-1.57124320145E9" classname="Utilities.CommonOps">
    <skipped/>
  </testcase> <!-- @AfterMethod doaftertest -->
  <testcase name="@AfterTest afterClass" time="-1.571243201454E9" classname="Utilities.CommonOps">
    <skipped/>
  </testcase> <!-- @AfterTest afterClass -->
  <testcase name="test01_veriffyPlus2Numbers" time="0.0" classname="Tests.DesktopCalculator">
    <skipped/>
  </testcase> <!-- test01_veriffyPlus2Numbers -->
</testsuite> <!-- Default test -->
