<!DOCTYPE html PUBLIC "-//W3C//DTD XHTML 1.1//EN" "http://www.w3.org/TR/xhtml11/DTD/xhtml11.dtd">
<html xmlns="http://www.w3.org/1999/xhtml">
<head>
<meta http-equiv="content-type" content="text/html; charset=UTF-8"/>
<title>TestNG Report</title>
<style type="text/css">table {margin-bottom:10px;border-collapse:collapse;empty-cells:show}th,td {border:1px solid #009;padding:.25em .5em}th {vertical-align:bottom}td {vertical-align:top}table a {font-weight:bold}.stripe td {background-color: #E6EBF9}.num {text-align:right}.passedodd td {background-color: #3F3}.passedeven td {background-color: #0A0}.skippedodd td {background-color: #DDD}.skippedeven td {background-color: #CCC}.failedodd td,.attn {background-color: #F33}.failedeven td,.stripe .attn {background-color: #D00}.stacktrace {white-space:pre;font-family:monospace}.totop {font-size:85%;text-align:center;border-bottom:2px solid #000}.invisible {display:none}</style>
</head>
<body>
<table>
<tr><th>Test</th><th># Passed</th><th># Skipped</th><th># Retried</th><th># Failed</th><th>Time (ms)</th><th>Included Groups</th><th>Excluded Groups</th></tr>
<tr><th colspan="7">Suite</th></tr>
<tr><td><a href="#t0">WebTest</a></td><td class="num">2</td><td class="num">0</td><td class="num">0</td><td class="num">0</td><td class="num">25,651</td><td></td><td></td></tr>
<tr class="stripe"><td><a href="#t1">ElectronTest</a></td><td class="num">1</td><td class="num">0</td><td class="num">0</td><td class="num">0</td><td class="num">4,878</td><td></td><td></td></tr>
<tr><td><a href="#t2">ApiTest</a></td><td class="num">1</td><td class="num">0</td><td class="num">0</td><td class="num">0</td><td class="num">2,923</td><td></td><td></td></tr>
<tr class="stripe"><td><a href="#t3">DesktopTest</a></td><td class="num">1</td><td class="num">0</td><td class="num">0</td><td class="num">0</td><td class="num">4,413</td><td></td><td></td></tr>
<tr><td><a href="#t4">MobileTest</a></td><td class="num">0</td><td class="num attn">1</td><td class="num">0</td><td class="num">0</td><td class="num">182</td><td></td><td></td></tr>
<tr><th>Total</th><th class="num">5</th><th class="num attn">1</th><th class="num">0</th><th class="num">0</th><th class="num">38,047</th><th colspan="2"></th></tr>
</table>
<table id='summary'><thead><tr><th>Class</th><th>Method</th><th>Start</th><th>Time (ms)</th></tr></thead><tbody><tr><th colspan="4">Suite</th></tr></tbody><tbody id="t0"><tr><th colspan="4">WebTest &#8212; passed</th></tr><tr class="passedeven"><td rowspan="2">Tests.ImdbTests</td><td><a href="#m0">test01_searchValue</a></td><td rowspan="1">1571313842803</td><td rowspan="1">5957</td></tr><tr class="passedeven"><td><a href="#m1">test02_DB</a></td><td rowspan="1">1571313848781</td><td rowspan="1">486</td></tr></tbody>
<tbody id="t1"><tr><th colspan="4">ElectronTest &#8212; passed</th></tr><tr class="passedeven"><td rowspan="1">Tests.ElectronDemo</td><td><a href="#m2">test01_getInfo</a></td><td rowspan="1">1571313853573</td><td rowspan="1">1054</td></tr></tbody>
<tbody id="t2"><tr><th colspan="4">ApiTest &#8212; passed</th></tr><tr class="passedeven"><td rowspan="1">Tests.students</td><td><a href="#m3">test01_VeriffyStudentCreated</a></td><td rowspan="1">1571313856037</td><td rowspan="1">2173</td></tr></tbody>
<tbody id="t3"><tr><th colspan="4">DesktopTest &#8212; passed</th></tr><tr class="passedeven"><td rowspan="1">Tests.DesktopCalculator</td><td><a href="#m4">test01_veriffyPlus2Numbers</a></td><td rowspan="1">1571313859628</td><td rowspan="1">2861</td></tr></tbody>
<tbody id="t4"><tr><th colspan="4">MobileTest &#8212; failed (configuration methods)</th></tr><tr class="failedeven"><td rowspan="1">Tests.AppiumCalculatorAppTests</td><td><a href="#m5">beforeClass</a></td><td rowspan="1">1571313862800</td><td rowspan="1">158</td></tr><tr><th colspan="4">MobileTest &#8212; skipped (configuration methods)</th></tr><tr class="skippedeven"><td rowspan="4">Tests.AppiumCalculatorAppTests</td><td><a href="#m6">afterClass</a></td><td rowspan="1">1571313862977</td><td rowspan="1">-1571313862977</td></tr><tr class="skippedeven"><td><a href="#m7">afterSuite</a></td><td rowspan="1">1571313863046</td><td rowspan="1">-1571313863046</td></tr><tr class="skippedeven"><td><a href="#m8">doaftertest</a></td><td rowspan="1">1571313862973</td><td rowspan="1">-1571313862973</td></tr><tr class="skippedeven"><td><a href="#m9">dobeforetest</a></td><td rowspan="1">1571313862967</td><td rowspan="1">-1571313862967</td></tr><tr><th colspan="4">MobileTest &#8212; skipped</th></tr><tr class="skippedeven"><td rowspan="1">Tests.AppiumCalculatorAppTests</td><td><a href="#m10">test01_veriffyCalculator</a></td><td rowspan="1">1571313862969</td><td rowspan="1">0</td></tr></tbody>
</table>
<h2>WebTest</h2><h3 id="m0">Tests.ImdbTests#test01_searchValue</h3><table class="result"><tr><th class="invisible"/></tr></table><p class="totop"><a href="#summary">back to summary</a></p>
<h3 id="m1">Tests.ImdbTests#test02_DB</h3><table class="result"><tr><th class="invisible"/></tr></table><p class="totop"><a href="#summary">back to summary</a></p>
<h2>ElectronTest</h2><h3 id="m2">Tests.ElectronDemo#test01_getInfo</h3><table class="result"><tr><th class="invisible"/></tr></table><p class="totop"><a href="#summary">back to summary</a></p>
<h2>ApiTest</h2><h3 id="m3">Tests.students#test01_VeriffyStudentCreated</h3><table class="result"><tr><th class="invisible"/></tr></table><p class="totop"><a href="#summary">back to summary</a></p>
<h2>DesktopTest</h2><h3 id="m4">Tests.DesktopCalculator#test01_veriffyPlus2Numbers</h3><table class="result"><tr><th class="invisible"/></tr></table><p class="totop"><a href="#summary">back to summary</a></p>
<h2>MobileTest</h2><h3 id="m5">Tests.AppiumCalculatorAppTests#beforeClass</h3><table class="result"><tr class="param"><th>Parameter #1</th></tr><tr class="param stripe"><td>Mobile</td></tr><tr><th>Exception</th></tr><tr><td><div class="stacktrace">org.openqa.selenium.SessionNotCreatedException: Unable to create a new remote session. Please check the server log for more details. Original error: Unable to parse remote response: 
Build info: version: &apos;3.141.5&apos;, revision: &apos;d54ebd709a&apos;, time: &apos;2018-11-06T11:58:41&apos;
System info: host: &apos;DESKTOP-NVSP8IV&apos;, ip: &apos;192.168.1.17&apos;, os.name: &apos;Windows 10&apos;, os.arch: &apos;amd64&apos;, os.version: &apos;10.0&apos;, java.version: &apos;1.8.0_161&apos;
Driver info: driver.version: AndroidDriver
	at io.appium.java_client.remote.AppiumCommandExecutor$1.createSession(AppiumCommandExecutor.java:208)
	at io.appium.java_client.remote.AppiumCommandExecutor.createSession(AppiumCommandExecutor.java:217)
	at io.appium.java_client.remote.AppiumCommandExecutor.execute(AppiumCommandExecutor.java:239)
	at org.openqa.selenium.remote.RemoteWebDriver.execute(RemoteWebDriver.java:552)
	at io.appium.java_client.DefaultGenericMobileDriver.execute(DefaultGenericMobileDriver.java:42)
	at io.appium.java_client.AppiumDriver.execute(AppiumDriver.java:1)
	at io.appium.java_client.android.AndroidDriver.execute(AndroidDriver.java:1)
	at org.openqa.selenium.remote.RemoteWebDriver.startSession(RemoteWebDriver.java:213)
	at org.openqa.selenium.remote.RemoteWebDriver.&lt;init&gt;(RemoteWebDriver.java:131)
	at io.appium.java_client.DefaultGenericMobileDriver.&lt;init&gt;(DefaultGenericMobileDriver.java:38)
	at io.appium.java_client.AppiumDriver.&lt;init&gt;(AppiumDriver.java:84)
	at io.appium.java_client.AppiumDriver.&lt;init&gt;(AppiumDriver.java:94)
	at io.appium.java_client.android.AndroidDriver.&lt;init&gt;(AndroidDriver.java:95)
	at Utilities.CommonOps.initMobile(CommonOps.java:119)
	at Utilities.CommonOps.beforeClass(CommonOps.java:203)
	at io.appium.java_client.remote.AppiumCommandExecutor$1.createSession(AppiumCommandExecutor.java:186)
	... 38 more
Caused by: org.openqa.selenium.WebDriverException: Unable to parse remote response: 
	at org.openqa.selenium.remote.ProtocolHandshake.createSession(ProtocolHandshake.java:112)
	... 43 more
Caused by: org.openqa.selenium.json.JsonException: Expected to read a START_MAP but instead have: END. Last 0 characters read: 
Build info: version: &apos;3.141.5&apos;, revision: &apos;d54ebd709a&apos;, time: &apos;2018-11-06T11:58:41&apos;
System info: host: &apos;DESKTOP-NVSP8IV&apos;, ip: &apos;192.168.1.17&apos;, os.name: &apos;Windows 10&apos;, os.arch: &apos;amd64&apos;, os.version: &apos;10.0&apos;, java.version: &apos;1.8.0_161&apos;
Driver info: driver.version: AndroidDriver
	at org.openqa.selenium.json.JsonInput.expect(JsonInput.java:290)
	at org.openqa.selenium.json.JsonInput.beginObject(JsonInput.java:220)
	at org.openqa.selenium.json.MapCoercer.lambda$apply$1(MapCoercer.java:64)
	at org.openqa.selenium.json.JsonTypeCoercer.lambda$null$6(JsonTypeCoercer.java:145)
	at org.openqa.selenium.json.JsonTypeCoercer.coerce(JsonTypeCoercer.java:126)
	at org.openqa.selenium.json.Json.toType(Json.java:69)
	at org.openqa.selenium.json.Json.toType(Json.java:55)
	at org.openqa.selenium.json.Json.toType(Json.java:50)
	at org.openqa.selenium.remote.ProtocolHandshake.createSession(ProtocolHandshake.java:109)
	... 43 more
... Removed 29 stack frames</div></td></tr></table><p class="totop"><a href="#summary">back to summary</a></p>
<h3 id="m6">Tests.AppiumCalculatorAppTests#afterClass</h3><table class="result"><tr><th class="invisible"/></tr></table><p class="totop"><a href="#summary">back to summary</a></p>
<h3 id="m7">Tests.AppiumCalculatorAppTests#afterSuite</h3><table class="result"><tr><th class="invisible"/></tr></table><p class="totop"><a href="#summary">back to summary</a></p>
<h3 id="m8">Tests.AppiumCalculatorAppTests#doaftertest</h3><table class="result"><tr><th class="invisible"/></tr></table><p class="totop"><a href="#summary">back to summary</a></p>
<h3 id="m9">Tests.AppiumCalculatorAppTests#dobeforetest</h3><table class="result"><tr><th class="invisible"/></tr></table><p class="totop"><a href="#summary">back to summary</a></p>
<h3 id="m10">Tests.AppiumCalculatorAppTests#test01_veriffyCalculator</h3><table class="result"><tr><th>Exception</th></tr><tr><td><div class="stacktrace">org.openqa.selenium.SessionNotCreatedException: Unable to create a new remote session. Please check the server log for more details. Original error: Unable to parse remote response: 
Build info: version: &apos;3.141.5&apos;, revision: &apos;d54ebd709a&apos;, time: &apos;2018-11-06T11:58:41&apos;
System info: host: &apos;DESKTOP-NVSP8IV&apos;, ip: &apos;192.168.1.17&apos;, os.name: &apos;Windows 10&apos;, os.arch: &apos;amd64&apos;, os.version: &apos;10.0&apos;, java.version: &apos;1.8.0_161&apos;
Driver info: driver.version: AndroidDriver
	at io.appium.java_client.remote.AppiumCommandExecutor$1.createSession(AppiumCommandExecutor.java:208)
	at io.appium.java_client.remote.AppiumCommandExecutor.createSession(AppiumCommandExecutor.java:217)
	at io.appium.java_client.remote.AppiumCommandExecutor.execute(AppiumCommandExecutor.java:239)
	at org.openqa.selenium.remote.RemoteWebDriver.execute(RemoteWebDriver.java:552)
	at io.appium.java_client.DefaultGenericMobileDriver.execute(DefaultGenericMobileDriver.java:42)
	at io.appium.java_client.AppiumDriver.execute(AppiumDriver.java:1)
	at io.appium.java_client.android.AndroidDriver.execute(AndroidDriver.java:1)
	at org.openqa.selenium.remote.RemoteWebDriver.startSession(RemoteWebDriver.java:213)
	at org.openqa.selenium.remote.RemoteWebDriver.&lt;init&gt;(RemoteWebDriver.java:131)
	at io.appium.java_client.DefaultGenericMobileDriver.&lt;init&gt;(DefaultGenericMobileDriver.java:38)
	at io.appium.java_client.AppiumDriver.&lt;init&gt;(AppiumDriver.java:84)
	at io.appium.java_client.AppiumDriver.&lt;init&gt;(AppiumDriver.java:94)
	at io.appium.java_client.android.AndroidDriver.&lt;init&gt;(AndroidDriver.java:95)
	at Utilities.CommonOps.initMobile(CommonOps.java:119)
	at Utilities.CommonOps.beforeClass(CommonOps.java:203)
	at io.appium.java_client.remote.AppiumCommandExecutor$1.createSession(AppiumCommandExecutor.java:186)
	... 38 more
Caused by: org.openqa.selenium.WebDriverException: Unable to parse remote response: 
	at org.openqa.selenium.remote.ProtocolHandshake.createSession(ProtocolHandshake.java:112)
	... 43 more
Caused by: org.openqa.selenium.json.JsonException: Expected to read a START_MAP but instead have: END. Last 0 characters read: 
Build info: version: &apos;3.141.5&apos;, revision: &apos;d54ebd709a&apos;, time: &apos;2018-11-06T11:58:41&apos;
System info: host: &apos;DESKTOP-NVSP8IV&apos;, ip: &apos;192.168.1.17&apos;, os.name: &apos;Windows 10&apos;, os.arch: &apos;amd64&apos;, os.version: &apos;10.0&apos;, java.version: &apos;1.8.0_161&apos;
Driver info: driver.version: AndroidDriver
	at org.openqa.selenium.json.JsonInput.expect(JsonInput.java:290)
	at org.openqa.selenium.json.JsonInput.beginObject(JsonInput.java:220)
	at org.openqa.selenium.json.MapCoercer.lambda$apply$1(MapCoercer.java:64)
	at org.openqa.selenium.json.JsonTypeCoercer.lambda$null$6(JsonTypeCoercer.java:145)
	at org.openqa.selenium.json.JsonTypeCoercer.coerce(JsonTypeCoercer.java:126)
	at org.openqa.selenium.json.Json.toType(Json.java:69)
	at org.openqa.selenium.json.Json.toType(Json.java:55)
	at org.openqa.selenium.json.Json.toType(Json.java:50)
	at org.openqa.selenium.remote.ProtocolHandshake.createSession(ProtocolHandshake.java:109)
	... 43 more
... Removed 29 stack frames</div></td></tr></table><p class="totop"><a href="#summary">back to summary</a></p>
</body>
</html>
