<?xml version="1.0" encoding="UTF-8"?>
<!-- Generated by org.testng.reporters.JUnitXMLReporter -->
<testsuite hostname="DESKTOP-NVSP8IV" name="Test" tests="1" failures="1" timestamp="7 Oct 2019 14:15:06 GMT" time="30.097" errors="0">
  <testcase name="test01_searchValue" time="12.162" classname="Tests.ImdbTests">
    <failure type="java.lang.AssertionError" message="Fail to find Image">
      <![CDATA[java.lang.AssertionError: Fail to find Image
	at Extensions.Veriffy.compareImage(Veriffy.java:46)
	at Tests.ImdbTests.test01_searchValue(ImdbTests.java:22)
... Removed 25 stack frames]]>
    </failure>
  </testcase> <!-- test01_searchValue -->
</testsuite> <!-- Test -->
